This file contains any messages produced by compilers while
running configure, to aid debugging if configure makes a mistake.

It was created by Haskell old-time package configure 1.0, which was
generated by GNU Autoconf 2.69.  Invocation command line was

  $ //home/ek/FRPDB/dist-newstyle/tmp/src-9197/old-time-1.1.0.3/configure --with-compiler=ghc --prefix=/home/ek/.cabal/store/ghc-8.10.4/old-time-1.1.0.3-b985eab7ea2b7fe6b89c0014efcebea2f703b0f3028ea02326240e432a6157d2 --bindir=/home/ek/.cabal/store/ghc-8.10.4/old-time-1.1.0.3-b985eab7ea2b7fe6b89c0014efcebea2f703b0f3028ea02326240e432a6157d2/bin --libdir=/home/ek/.cabal/store/ghc-8.10.4/old-time-1.1.0.3-b985eab7ea2b7fe6b89c0014efcebea2f703b0f3028ea02326240e432a6157d2/lib --libexecdir=/home/ek/.cabal/store/ghc-8.10.4/old-time-1.1.0.3-b985eab7ea2b7fe6b89c0014efcebea2f703b0f3028ea02326240e432a6157d2/libexec --datadir=/home/ek/.cabal/store/ghc-8.10.4/old-time-1.1.0.3-b985eab7ea2b7fe6b89c0014efcebea2f703b0f3028ea02326240e432a6157d2/share --sysconfdir=/home/ek/.cabal/store/ghc-8.10.4/old-time-1.1.0.3-b985eab7ea2b7fe6b89c0014efcebea2f703b0f3028ea02326240e432a6157d2/etc CC=/nix/store/zzvq5qwlm2xikawfqxb0q8gl2bw391a9-gcc-wrapper-10.2.0/bin/cc

## --------- ##
## Platform. ##
## --------- ##

hostname = nixos
uname -m = x86_64
uname -r = 5.10.37
uname -s = Linux
uname -v = #1-NixOS SMP Fri May 14 07:50:46 UTC 2021

/usr/bin/uname -p = unknown
/bin/uname -X     = unknown

/bin/arch              = unknown
/usr/bin/arch -k       = unknown
/usr/convex/getsysinfo = unknown
/usr/bin/hostinfo      = unknown
/bin/machine           = unknown
/usr/bin/oslevel       = unknown
/bin/universe          = unknown

PATH: /home/ek/.cabal/bin
PATH: /run/wrappers/bin
PATH: /home/ek/.nix-profile/bin
PATH: /etc/profiles/per-user/ek/bin
PATH: /nix/var/nix/profiles/default/bin
PATH: /run/current-system/sw/bin


## ----------- ##
## Core tests. ##
## ----------- ##

configure:2256: checking for gcc
configure:2283: result: /nix/store/zzvq5qwlm2xikawfqxb0q8gl2bw391a9-gcc-wrapper-10.2.0/bin/cc
configure:2512: checking for C compiler version
configure:2521: /nix/store/zzvq5qwlm2xikawfqxb0q8gl2bw391a9-gcc-wrapper-10.2.0/bin/cc --version >&5
gcc (GCC) 10.2.0
Copyright (C) 2020 Free Software Foundation, Inc.
This is free software; see the source for copying conditions.  There is NO
warranty; not even for MERCHANTABILITY or FITNESS FOR A PARTICULAR PURPOSE.

configure:2532: $? = 0
configure:2521: /nix/store/zzvq5qwlm2xikawfqxb0q8gl2bw391a9-gcc-wrapper-10.2.0/bin/cc -v >&5
Using built-in specs.
COLLECT_GCC=/nix/store/q8rv03yvqsfipnxwyj0sb6lqs50y5b3q-gcc-10.2.0/bin/gcc
COLLECT_LTO_WRAPPER=/nix/store/q8rv03yvqsfipnxwyj0sb6lqs50y5b3q-gcc-10.2.0/libexec/gcc/x86_64-unknown-linux-gnu/10.2.0/lto-wrapper
Target: x86_64-unknown-linux-gnu
Configured with: 
Thread model: posix
Supported LTO compression algorithms: zlib
gcc version 10.2.0 (GCC) 
configure:2532: $? = 0
configure:2521: /nix/store/zzvq5qwlm2xikawfqxb0q8gl2bw391a9-gcc-wrapper-10.2.0/bin/cc -V >&5
gcc: error: unrecognized command-line option '-V'
gcc: fatal error: no input files
compilation terminated.
configure:2532: $? = 1
configure:2521: /nix/store/zzvq5qwlm2xikawfqxb0q8gl2bw391a9-gcc-wrapper-10.2.0/bin/cc -qversion >&5
gcc: error: unrecognized command-line option '-qversion'; did you mean '--version'?
gcc: fatal error: no input files
compilation terminated.
configure:2532: $? = 1
configure:2552: checking whether the C compiler works
configure:2574: /nix/store/zzvq5qwlm2xikawfqxb0q8gl2bw391a9-gcc-wrapper-10.2.0/bin/cc -fuse-ld=gold   conftest.c  >&5
configure:2578: $? = 0
configure:2626: result: yes
configure:2629: checking for C compiler default output file name
configure:2631: result: a.out
configure:2637: checking for suffix of executables
configure:2644: /nix/store/zzvq5qwlm2xikawfqxb0q8gl2bw391a9-gcc-wrapper-10.2.0/bin/cc -o conftest -fuse-ld=gold   conftest.c  >&5

## ---------------- ##
## Cache variables. ##
## ---------------- ##

ac_cv_env_CC_set=set
ac_cv_env_CC_value=/nix/store/zzvq5qwlm2xikawfqxb0q8gl2bw391a9-gcc-wrapper-10.2.0/bin/cc
ac_cv_env_CFLAGS_set=set
ac_cv_env_CFLAGS_value=-fuse-ld=gold
ac_cv_env_CPPFLAGS_set=
ac_cv_env_CPPFLAGS_value=
ac_cv_env_CPP_set=
ac_cv_env_CPP_value=
ac_cv_env_LDFLAGS_set=
ac_cv_env_LDFLAGS_value=
ac_cv_env_LIBS_set=
ac_cv_env_LIBS_value=
ac_cv_env_build_alias_set=
ac_cv_env_build_alias_value=
ac_cv_env_host_alias_set=
ac_cv_env_host_alias_value=
ac_cv_env_target_alias_set=
ac_cv_env_target_alias_value=
ac_cv_prog_ac_ct_CC=/nix/store/zzvq5qwlm2xikawfqxb0q8gl2bw391a9-gcc-wrapper-10.2.0/bin/cc

## ----------------- ##
## Output variables. ##
## ----------------- ##

CC='/nix/store/zzvq5qwlm2xikawfqxb0q8gl2bw391a9-gcc-wrapper-10.2.0/bin/cc'
CFLAGS='-fuse-ld=gold'
CPP=''
CPPFLAGS=''
DEFS=''
ECHO_C=''
ECHO_N='-n'
ECHO_T=''
EGREP=''
EXEEXT=''
GREP=''
LDFLAGS=''
LIBOBJS=''
LIBS=''
LTLIBOBJS=''
OBJEXT=''
PACKAGE_BUGREPORT='libraries@haskell.org'
PACKAGE_NAME='Haskell old-time package'
PACKAGE_STRING='Haskell old-time package 1.0'
PACKAGE_TARNAME='old-time'
PACKAGE_URL=''
PACKAGE_VERSION='1.0'
PATH_SEPARATOR=':'
SHELL='/bin/sh'
ac_ct_CC='/nix/store/zzvq5qwlm2xikawfqxb0q8gl2bw391a9-gcc-wrapper-10.2.0/bin/cc'
bindir='/home/ek/.cabal/store/ghc-8.10.4/old-time-1.1.0.3-b985eab7ea2b7fe6b89c0014efcebea2f703b0f3028ea02326240e432a6157d2/bin'
build_alias=''
datadir='/home/ek/.cabal/store/ghc-8.10.4/old-time-1.1.0.3-b985eab7ea2b7fe6b89c0014efcebea2f703b0f3028ea02326240e432a6157d2/share'
datarootdir='${prefix}/share'
docdir='${datarootdir}/doc/${PACKAGE_TARNAME}'
dvidir='${docdir}'
exec_prefix='NONE'
host_alias=''
htmldir='${docdir}'
includedir='${prefix}/include'
infodir='${datarootdir}/info'
libdir='/home/ek/.cabal/store/ghc-8.10.4/old-time-1.1.0.3-b985eab7ea2b7fe6b89c0014efcebea2f703b0f3028ea02326240e432a6157d2/lib'
libexecdir='/home/ek/.cabal/store/ghc-8.10.4/old-time-1.1.0.3-b985eab7ea2b7fe6b89c0014efcebea2f703b0f3028ea02326240e432a6157d2/libexec'
localedir='${datarootdir}/locale'
localstatedir='${prefix}/var'
mandir='${datarootdir}/man'
oldincludedir='/usr/include'
pdfdir='${docdir}'
prefix='/home/ek/.cabal/store/ghc-8.10.4/old-time-1.1.0.3-b985eab7ea2b7fe6b89c0014efcebea2f703b0f3028ea02326240e432a6157d2'
program_transform_name='s,x,x,'
psdir='${docdir}'
sbindir='${exec_prefix}/sbin'
sharedstatedir='${prefix}/com'
sysconfdir='/home/ek/.cabal/store/ghc-8.10.4/old-time-1.1.0.3-b985eab7ea2b7fe6b89c0014efcebea2f703b0f3028ea02326240e432a6157d2/etc'
target_alias=''

## ----------- ##
## confdefs.h. ##
## ----------- ##

/* confdefs.h */
#define PACKAGE_NAME "Haskell old-time package"
#define PACKAGE_TARNAME "old-time"
#define PACKAGE_VERSION "1.0"
#define PACKAGE_STRING "Haskell old-time package 1.0"
#define PACKAGE_BUGREPORT "libraries@haskell.org"
#define PACKAGE_URL ""

configure: caught signal 2
configure: exit 1
